<?xml version="1.0" encoding="UTF-8"?>
<testng-results skipped="0" failed="0" ignored="0" total="2" passed="2">
  <reporter-output>
  </reporter-output>
  <suite name="Suite" duration-ms="16075" started-at="2019-09-08T11:07:39Z" finished-at="2019-09-08T11:07:55Z">
    <groups>
      <group name="cucumber">
        <method signature="AbstractTestNGCucumberTests.runScenario(cucumber.api.testng.PickleEventWrapper, cucumber.api.testng.CucumberFeatureWrapper)[pri:0, instance:com.leafBot.testcases.TC001_LoginLogout@5f9d02cb]" name="runScenario" class="cucumber.api.testng.AbstractTestNGCucumberTests"/>
      </group> <!-- cucumber -->
    </groups>
    <test name="Test" duration-ms="16075" started-at="2019-09-08T11:07:39Z" finished-at="2019-09-08T11:07:55Z">
      <class name="com.leafBot.testcases.TC001_LoginLogout">
        <test-method status="PASS" signature="startReport()[pri:0, instance:com.leafBot.testcases.TC001_LoginLogout@5f9d02cb]" name="startReport" is-config="true" duration-ms="461" started-at="2019-09-08T11:07:39Z" finished-at="2019-09-08T11:07:39Z">
          <reporter-output>
          </reporter-output>
        </test-method> <!-- startReport -->
        <test-method status="PASS" signature="setData()[pri:0, instance:com.leafBot.testcases.TC001_LoginLogout@5f9d02cb]" name="setData" is-config="true" duration-ms="0" started-at="2019-09-08T11:07:39Z" finished-at="2019-09-08T11:07:39Z">
          <reporter-output>
          </reporter-output>
        </test-method> <!-- setData -->
        <test-method status="PASS" signature="setUpClass()[pri:0, instance:com.leafBot.testcases.TC001_LoginLogout@5f9d02cb]" name="setUpClass" is-config="true" duration-ms="109" started-at="2019-09-08T11:07:39Z" finished-at="2019-09-08T11:07:39Z">
          <reporter-output>
          </reporter-output>
        </test-method> <!-- setUpClass -->
        <test-method status="PASS" signature="report()[pri:0, instance:com.leafBot.testcases.TC001_LoginLogout@5f9d02cb]" name="report" is-config="true" duration-ms="7" started-at="2019-09-08T11:07:39Z" finished-at="2019-09-08T11:07:39Z">
          <reporter-output>
          </reporter-output>
        </test-method> <!-- report -->
        <test-method status="PASS" signature="beforeMethod()[pri:0, instance:com.leafBot.testcases.TC001_LoginLogout@5f9d02cb]" name="beforeMethod" is-config="true" duration-ms="5835" started-at="2019-09-08T11:07:40Z" finished-at="2019-09-08T11:07:46Z">
          <reporter-output>
          </reporter-output>
        </test-method> <!-- beforeMethod -->
        <test-method status="PASS" signature="runTC001(java.lang.String, java.lang.String)[pri:0, instance:com.leafBot.testcases.TC001_LoginLogout@5f9d02cb]" name="runTC001" duration-ms="2587" started-at="2019-09-08T11:07:46Z" data-provider="fetchData" finished-at="2019-09-08T11:07:49Z">
          <params>
            <param index="0">
              <value>
                <![CDATA[DemoSalesManager]]>
              </value>
            </param>
            <param index="1">
              <value>
                <![CDATA[crmsfa]]>
              </value>
            </param>
          </params>
          <reporter-output>
          </reporter-output>
        </test-method> <!-- runTC001 -->
        <test-method status="PASS" signature="afterMethod()[pri:0, instance:com.leafBot.testcases.TC001_LoginLogout@5f9d02cb]" name="afterMethod" is-config="true" duration-ms="117" started-at="2019-09-08T11:07:49Z" finished-at="2019-09-08T11:07:49Z">
          <reporter-output>
          </reporter-output>
        </test-method> <!-- afterMethod -->
        <test-method status="PASS" signature="beforeMethod()[pri:0, instance:com.leafBot.testcases.TC001_LoginLogout@5f9d02cb]" name="beforeMethod" is-config="true" duration-ms="4602" started-at="2019-09-08T11:07:49Z" finished-at="2019-09-08T11:07:53Z">
          <reporter-output>
          </reporter-output>
        </test-method> <!-- beforeMethod -->
        <test-method status="PASS" signature="runTC001(java.lang.String, java.lang.String)[pri:0, instance:com.leafBot.testcases.TC001_LoginLogout@5f9d02cb]" name="runTC001" duration-ms="1940" started-at="2019-09-08T11:07:53Z" data-provider="fetchData" finished-at="2019-09-08T11:07:55Z">
          <params>
            <param index="0">
              <value>
                <![CDATA[DemoCSR]]>
              </value>
            </param>
            <param index="1">
              <value>
                <![CDATA[crmsfa]]>
              </value>
            </param>
          </params>
          <reporter-output>
          </reporter-output>
        </test-method> <!-- runTC001 -->
        <test-method status="PASS" signature="afterMethod()[pri:0, instance:com.leafBot.testcases.TC001_LoginLogout@5f9d02cb]" name="afterMethod" is-config="true" duration-ms="138" started-at="2019-09-08T11:07:55Z" finished-at="2019-09-08T11:07:55Z">
          <reporter-output>
          </reporter-output>
        </test-method> <!-- afterMethod -->
        <test-method status="PASS" signature="tearDownClass()[pri:0, instance:com.leafBot.testcases.TC001_LoginLogout@5f9d02cb]" name="tearDownClass" is-config="true" duration-ms="4" started-at="2019-09-08T11:07:55Z" finished-at="2019-09-08T11:07:55Z">
          <reporter-output>
          </reporter-output>
        </test-method> <!-- tearDownClass -->
        <test-method status="PASS" signature="stopReport()[pri:0, instance:com.leafBot.testcases.TC001_LoginLogout@5f9d02cb]" name="stopReport" is-config="true" duration-ms="836" started-at="2019-09-08T11:07:56Z" finished-at="2019-09-08T11:07:56Z">
          <reporter-output>
          </reporter-output>
        </test-method> <!-- stopReport -->
      </class> <!-- com.leafBot.testcases.TC001_LoginLogout -->
    </test> <!-- Test -->
  </suite> <!-- Suite -->
</testng-results>
